Analysis & Synthesis report for Router
Tue Feb 10 18:21:13 2015
Quartus II 64-Bit Version 13.0.0 Build 156 04/24/2013 SJ Full Version


---------------------
; Table of Contents ;
---------------------
  1. Legal Notice
  2. Analysis & Synthesis Summary
  3. Analysis & Synthesis Settings
  4. Parallel Compilation
  5. Analysis & Synthesis Source Files Read
  6. Analysis & Synthesis Resource Usage Summary
  7. Analysis & Synthesis Resource Utilization by Entity
  8. General Register Statistics
  9. Parameter Settings for User Entity Instance: Top-level Entity: |Router
 10. Port Connectivity Checks: "counter:word_counter"
 11. Elapsed Time Per Partition
 12. Analysis & Synthesis Messages



----------------
; Legal Notice ;
----------------
Copyright (C) 1991-2013 Altera Corporation
Your use of Altera Corporation's design tools, logic functions 
and other software and tools, and its AMPP partner logic 
functions, and any output files from any of the foregoing 
(including device programming or simulation files), and any 
associated documentation or information are expressly subject 
to the terms and conditions of the Altera Program License 
Subscription Agreement, Altera MegaCore Function License 
Agreement, or other applicable license agreement, including, 
without limitation, that your use is for the sole purpose of 
programming logic devices manufactured by Altera and sold by 
Altera or its authorized distributors.  Please refer to the 
applicable agreement for further details.



+----------------------------------------------------------------------------------+
; Analysis & Synthesis Summary                                                     ;
+------------------------------------+---------------------------------------------+
; Analysis & Synthesis Status        ; Successful - Tue Feb 10 18:21:13 2015       ;
; Quartus II 64-Bit Version          ; 13.0.0 Build 156 04/24/2013 SJ Full Version ;
; Revision Name                      ; Router                                      ;
; Top-level Entity Name              ; router                                      ;
; Family                             ; Cyclone IV GX                               ;
; Total logic elements               ; 0                                           ;
;     Total combinational functions  ; 0                                           ;
;     Dedicated logic registers      ; 0                                           ;
; Total registers                    ; 0                                           ;
; Total pins                         ; 561                                         ;
; Total virtual pins                 ; 0                                           ;
; Total memory bits                  ; 0                                           ;
; Embedded Multiplier 9-bit elements ; 0                                           ;
; Total GXB Receiver Channel PCS     ; 0                                           ;
; Total GXB Receiver Channel PMA     ; 0                                           ;
; Total GXB Transmitter Channel PCS  ; 0                                           ;
; Total GXB Transmitter Channel PMA  ; 0                                           ;
; Total PLLs                         ; 0                                           ;
+------------------------------------+---------------------------------------------+


+----------------------------------------------------------------------------------------------------------------------+
; Analysis & Synthesis Settings                                                                                        ;
+----------------------------------------------------------------------------+--------------------+--------------------+
; Option                                                                     ; Setting            ; Default Value      ;
+----------------------------------------------------------------------------+--------------------+--------------------+
; Top-level entity name                                                      ; Router             ; Router             ;
; Family name                                                                ; Cyclone IV GX      ; Cyclone IV GX      ;
; Use smart compilation                                                      ; Off                ; Off                ;
; Enable parallel Assembler and TimeQuest Timing Analyzer during compilation ; On                 ; On                 ;
; Enable compact report table                                                ; Off                ; Off                ;
; Restructure Multiplexers                                                   ; Auto               ; Auto               ;
; Create Debugging Nodes for IP Cores                                        ; Off                ; Off                ;
; Preserve fewer node names                                                  ; On                 ; On                 ;
; Disable OpenCore Plus hardware evaluation                                  ; Off                ; Off                ;
; Verilog Version                                                            ; Verilog_2001       ; Verilog_2001       ;
; VHDL Version                                                               ; VHDL_1993          ; VHDL_1993          ;
; State Machine Processing                                                   ; Auto               ; Auto               ;
; Safe State Machine                                                         ; Off                ; Off                ;
; Extract Verilog State Machines                                             ; On                 ; On                 ;
; Extract VHDL State Machines                                                ; On                 ; On                 ;
; Ignore Verilog initial constructs                                          ; Off                ; Off                ;
; Iteration limit for constant Verilog loops                                 ; 5000               ; 5000               ;
; Iteration limit for non-constant Verilog loops                             ; 250                ; 250                ;
; Add Pass-Through Logic to Inferred RAMs                                    ; On                 ; On                 ;
; Infer RAMs from Raw Logic                                                  ; On                 ; On                 ;
; Parallel Synthesis                                                         ; On                 ; On                 ;
; DSP Block Balancing                                                        ; Auto               ; Auto               ;
; NOT Gate Push-Back                                                         ; On                 ; On                 ;
; Power-Up Don't Care                                                        ; On                 ; On                 ;
; Remove Redundant Logic Cells                                               ; Off                ; Off                ;
; Remove Duplicate Registers                                                 ; On                 ; On                 ;
; Ignore CARRY Buffers                                                       ; Off                ; Off                ;
; Ignore CASCADE Buffers                                                     ; Off                ; Off                ;
; Ignore GLOBAL Buffers                                                      ; Off                ; Off                ;
; Ignore ROW GLOBAL Buffers                                                  ; Off                ; Off                ;
; Ignore LCELL Buffers                                                       ; Off                ; Off                ;
; Ignore SOFT Buffers                                                        ; On                 ; On                 ;
; Limit AHDL Integers to 32 Bits                                             ; Off                ; Off                ;
; Optimization Technique                                                     ; Balanced           ; Balanced           ;
; Carry Chain Length                                                         ; 70                 ; 70                 ;
; Auto Carry Chains                                                          ; On                 ; On                 ;
; Auto Open-Drain Pins                                                       ; On                 ; On                 ;
; Perform WYSIWYG Primitive Resynthesis                                      ; Off                ; Off                ;
; Auto ROM Replacement                                                       ; On                 ; On                 ;
; Auto RAM Replacement                                                       ; On                 ; On                 ;
; Auto DSP Block Replacement                                                 ; On                 ; On                 ;
; Auto Shift Register Replacement                                            ; Auto               ; Auto               ;
; Allow Shift Register Merging across Hierarchies                            ; Auto               ; Auto               ;
; Auto Clock Enable Replacement                                              ; On                 ; On                 ;
; Strict RAM Replacement                                                     ; Off                ; Off                ;
; Allow Synchronous Control Signals                                          ; On                 ; On                 ;
; Force Use of Synchronous Clear Signals                                     ; Off                ; Off                ;
; Auto RAM Block Balancing                                                   ; On                 ; On                 ;
; Auto RAM to Logic Cell Conversion                                          ; Off                ; Off                ;
; Auto Resource Sharing                                                      ; Off                ; Off                ;
; Allow Any RAM Size For Recognition                                         ; Off                ; Off                ;
; Allow Any ROM Size For Recognition                                         ; Off                ; Off                ;
; Allow Any Shift Register Size For Recognition                              ; Off                ; Off                ;
; Use LogicLock Constraints during Resource Balancing                        ; On                 ; On                 ;
; Ignore translate_off and synthesis_off directives                          ; Off                ; Off                ;
; Timing-Driven Synthesis                                                    ; On                 ; On                 ;
; Report Parameter Settings                                                  ; On                 ; On                 ;
; Report Source Assignments                                                  ; On                 ; On                 ;
; Report Connectivity Checks                                                 ; On                 ; On                 ;
; Ignore Maximum Fan-Out Assignments                                         ; Off                ; Off                ;
; Synchronization Register Chain Length                                      ; 2                  ; 2                  ;
; PowerPlay Power Optimization                                               ; Normal compilation ; Normal compilation ;
; HDL message level                                                          ; Level2             ; Level2             ;
; Suppress Register Optimization Related Messages                            ; Off                ; Off                ;
; Number of Removed Registers Reported in Synthesis Report                   ; 5000               ; 5000               ;
; Number of Swept Nodes Reported in Synthesis Report                         ; 5000               ; 5000               ;
; Number of Inverted Registers Reported in Synthesis Report                  ; 100                ; 100                ;
; Clock MUX Protection                                                       ; On                 ; On                 ;
; Auto Gated Clock Conversion                                                ; Off                ; Off                ;
; Block Design Naming                                                        ; Auto               ; Auto               ;
; SDC constraint protection                                                  ; Off                ; Off                ;
; Synthesis Effort                                                           ; Auto               ; Auto               ;
; Shift Register Replacement - Allow Asynchronous Clear Signal               ; On                 ; On                 ;
; Pre-Mapping Resynthesis Optimization                                       ; Off                ; Off                ;
; Analysis & Synthesis Message Level                                         ; Medium             ; Medium             ;
; Disable Register Merging Across Hierarchies                                ; Auto               ; Auto               ;
; Resource Aware Inference For Block RAM                                     ; On                 ; On                 ;
; Synthesis Seed                                                             ; 1                  ; 1                  ;
+----------------------------------------------------------------------------+--------------------+--------------------+


+------------------------------------------+
; Parallel Compilation                     ;
+----------------------------+-------------+
; Processors                 ; Number      ;
+----------------------------+-------------+
; Number detected on machine ; 8           ;
; Maximum allowed            ; 4           ;
;                            ;             ;
; Average used               ; 1.00        ;
; Maximum used               ; 1           ;
;                            ;             ;
; Usage by Processor         ; % Time Used ;
;     Processor 1            ; 100.0%      ;
;     Processors 2-8         ;   0.0%      ;
+----------------------------+-------------+


+-----------------------------------------------------------------------------------------------------------------------+
; Analysis & Synthesis Source Files Read                                                                                ;
+----------------------------------+-----------------+-----------------+--------------------------------------+---------+
; File Name with User-Entered Path ; Used in Netlist ; File Type       ; File Name with Absolute Path         ; Library ;
+----------------------------------+-----------------+-----------------+--------------------------------------+---------+
; Router.vhd                       ; yes             ; User VHDL File  ; P:/McGill/ECSE487/Router/Router.vhd  ;         ;
; Counter.vhd                      ; yes             ; User VHDL File  ; P:/McGill/ECSE487/Router/Counter.vhd ;         ;
+----------------------------------+-----------------+-----------------+--------------------------------------+---------+


+---------------------------------------------+
; Analysis & Synthesis Resource Usage Summary ;
+--------------------------+------------------+
; Resource                 ; Usage            ;
+--------------------------+------------------+
; I/O pins                 ; 561              ;
; DSP block 9-bit elements ; 0                ;
; Maximum fan-out node     ; clock            ;
; Maximum fan-out          ; 1                ;
; Total fan-out            ; 561              ;
; Average fan-out          ; 0.50             ;
+--------------------------+------------------+


+-----------------------------------------------------------------------------------------------------------------------------------------------------------------------------------------+
; Analysis & Synthesis Resource Utilization by Entity                                                                                                                                     ;
+----------------------------+-------------------+--------------+-------------+--------------+---------+-----------+-----------+------+--------------+---------------------+--------------+
; Compilation Hierarchy Node ; LC Combinationals ; LC Registers ; Memory Bits ; DSP Elements ; DSP 9x9 ; DSP 18x18 ; DSP 36x36 ; Pins ; Virtual Pins ; Full Hierarchy Name ; Library Name ;
+----------------------------+-------------------+--------------+-------------+--------------+---------+-----------+-----------+------+--------------+---------------------+--------------+
; |router                    ; 0 (0)             ; 0 (0)        ; 0           ; 0            ; 0       ; 0         ; 0         ; 561  ; 0            ; |router             ;              ;
+----------------------------+-------------------+--------------+-------------+--------------+---------+-----------+-----------+------+--------------+---------------------+--------------+
Note: For table entries with two numbers listed, the numbers in parentheses indicate the number of resources of the given type used by the specific entity alone. The numbers listed outside of parentheses indicate the total resources of the given type used by the specific entity and all of its sub-entities in the hierarchy.


+------------------------------------------------------+
; General Register Statistics                          ;
+----------------------------------------------+-------+
; Statistic                                    ; Value ;
+----------------------------------------------+-------+
; Total registers                              ; 0     ;
; Number of registers using Synchronous Clear  ; 0     ;
; Number of registers using Synchronous Load   ; 0     ;
; Number of registers using Asynchronous Clear ; 0     ;
; Number of registers using Asynchronous Load  ; 0     ;
; Number of registers using Clock Enable       ; 0     ;
; Number of registers using Preset             ; 0     ;
+----------------------------------------------+-------+


+------------------------------------------------------------------------+
; Parameter Settings for User Entity Instance: Top-level Entity: |Router ;
+----------------+------------+------------------------------------------+
; Parameter Name ; Value      ; Type                                     ;
+----------------+------------+------------------------------------------+
; cache_delay    ; 1000000 fs ; Physical                                 ;
; clock_period   ; 1000000 fs ; Physical                                 ;
+----------------+------------+------------------------------------------+
Note: In order to hide this table in the UI and the text report file, please set the "Show Parameter Settings in Synthesis Report" option in "Analysis and Synthesis Settings -> More Settings" to "Off".


+-----------------------------------------------------------------------------------------------------------------+
; Port Connectivity Checks: "counter:word_counter"                                                                ;
+-------+--------+----------+-------------------------------------------------------------------------------------+
; Port  ; Type   ; Severity ; Details                                                                             ;
+-------+--------+----------+-------------------------------------------------------------------------------------+
; reset ; Input  ; Info     ; Stuck at VCC                                                                        ;
; count ; Output ; Info     ; Connected to dangling logic. Logic that only feeds a dangling port will be removed. ;
+-------+--------+----------+-------------------------------------------------------------------------------------+


+-------------------------------+
; Elapsed Time Per Partition    ;
+----------------+--------------+
; Partition Name ; Elapsed Time ;
+----------------+--------------+
; Top            ; 00:00:00     ;
+----------------+--------------+


+-------------------------------+
; Analysis & Synthesis Messages ;
+-------------------------------+
Info: *******************************************************************
Info: Running Quartus II 64-Bit Analysis & Synthesis
    Info: Version 13.0.0 Build 156 04/24/2013 SJ Full Version
    Info: Processing started: Tue Feb 10 18:20:59 2015
Info: Command: quartus_map --read_settings_files=on --write_settings_files=off Router -c Router
Info (11104): Parallel Compilation has detected 8 hyper-threaded processors. However, the extra hyper-threaded processors will not be used by default. Parallel Compilation will use 4 of the 4 physical processors detected instead.
Info (12021): Found 2 design units, including 1 entities, in source file router.vhd
    Info (12022): Found design unit 1: router-behaviour
    Info (12023): Found entity 1: router
Info (12021): Found 2 design units, including 1 entities, in source file counter.vhd
    Info (12022): Found design unit 1: counter-behaviour
    Info (12023): Found entity 1: counter
Info (12021): Found 2 design units, including 1 entities, in source file queue.vhd
    Info (12022): Found design unit 1: FIFO-Behavioral
    Info (12023): Found entity 1: FIFO
Info (12127): Elaborating entity "Router" for the top level hierarchy
Warning (10541): VHDL Signal Declaration warning at Router.vhd(19): used implicit default value for signal "e_header_out" because signal was never assigned a value or an explicit default value. Use of implicit default value may introduce unintended design optimizations.
Warning (10541): VHDL Signal Declaration warning at Router.vhd(20): used implicit default value for signal "e_writedata_out" because signal was never assigned a value or an explicit default value. Use of implicit default value may introduce unintended design optimizations.
Warning (10541): VHDL Signal Declaration warning at Router.vhd(21): used implicit default value for signal "e_address_out" because signal was never assigned a value or an explicit default value. Use of implicit default value may introduce unintended design optimizations.
Warning (10541): VHDL Signal Declaration warning at Router.vhd(22): used implicit default value for signal "e_write_out" because signal was never assigned a value or an explicit default value. Use of implicit default value may introduce unintended design optimizations.
Warning (10541): VHDL Signal Declaration warning at Router.vhd(23): used implicit default value for signal "e_waitrequest_out" because signal was never assigned a value or an explicit default value. Use of implicit default value may introduce unintended design optimizations.
Warning (10541): VHDL Signal Declaration warning at Router.vhd(31): used implicit default value for signal "n_header_out" because signal was never assigned a value or an explicit default value. Use of implicit default value may introduce unintended design optimizations.
Warning (10541): VHDL Signal Declaration warning at Router.vhd(32): used implicit default value for signal "n_writedata_out" because signal was never assigned a value or an explicit default value. Use of implicit default value may introduce unintended design optimizations.
Warning (10541): VHDL Signal Declaration warning at Router.vhd(33): used implicit default value for signal "n_address_out" because signal was never assigned a value or an explicit default value. Use of implicit default value may introduce unintended design optimizations.
Warning (10541): VHDL Signal Declaration warning at Router.vhd(34): used implicit default value for signal "n_write_out" because signal was never assigned a value or an explicit default value. Use of implicit default value may introduce unintended design optimizations.
Warning (10541): VHDL Signal Declaration warning at Router.vhd(35): used implicit default value for signal "n_waitrequest_out" because signal was never assigned a value or an explicit default value. Use of implicit default value may introduce unintended design optimizations.
Warning (10541): VHDL Signal Declaration warning at Router.vhd(43): used implicit default value for signal "w_header_out" because signal was never assigned a value or an explicit default value. Use of implicit default value may introduce unintended design optimizations.
Warning (10541): VHDL Signal Declaration warning at Router.vhd(44): used implicit default value for signal "w_writedata_out" because signal was never assigned a value or an explicit default value. Use of implicit default value may introduce unintended design optimizations.
Warning (10541): VHDL Signal Declaration warning at Router.vhd(45): used implicit default value for signal "w_address_out" because signal was never assigned a value or an explicit default value. Use of implicit default value may introduce unintended design optimizations.
Warning (10541): VHDL Signal Declaration warning at Router.vhd(46): used implicit default value for signal "w_write_out" because signal was never assigned a value or an explicit default value. Use of implicit default value may introduce unintended design optimizations.
Warning (10541): VHDL Signal Declaration warning at Router.vhd(47): used implicit default value for signal "w_waitrequest_out" because signal was never assigned a value or an explicit default value. Use of implicit default value may introduce unintended design optimizations.
Warning (10541): VHDL Signal Declaration warning at Router.vhd(55): used implicit default value for signal "s_header_out" because signal was never assigned a value or an explicit default value. Use of implicit default value may introduce unintended design optimizations.
Warning (10541): VHDL Signal Declaration warning at Router.vhd(56): used implicit default value for signal "s_writedata_out" because signal was never assigned a value or an explicit default value. Use of implicit default value may introduce unintended design optimizations.
Warning (10541): VHDL Signal Declaration warning at Router.vhd(57): used implicit default value for signal "s_address_out" because signal was never assigned a value or an explicit default value. Use of implicit default value may introduce unintended design optimizations.
Warning (10541): VHDL Signal Declaration warning at Router.vhd(58): used implicit default value for signal "s_write_out" because signal was never assigned a value or an explicit default value. Use of implicit default value may introduce unintended design optimizations.
Warning (10541): VHDL Signal Declaration warning at Router.vhd(59): used implicit default value for signal "s_waitrequest_out" because signal was never assigned a value or an explicit default value. Use of implicit default value may introduce unintended design optimizations.
Warning (10540): VHDL Signal Declaration warning at Router.vhd(119): used explicit default value for signal "counter_reset" because signal was never assigned a value
Warning (10036): Verilog HDL or VHDL warning at Router.vhd(120): object "count" assigned a value but never read
Info (12128): Elaborating entity "counter" for hierarchy "counter:word_counter"
Warning (13024): Output pins are stuck at VCC or GND
    Warning (13410): Pin "e_header_out[0]" is stuck at GND
    Warning (13410): Pin "e_header_out[1]" is stuck at GND
    Warning (13410): Pin "e_header_out[2]" is stuck at GND
    Warning (13410): Pin "e_header_out[3]" is stuck at GND
    Warning (13410): Pin "e_writedata_out[0]" is stuck at GND
    Warning (13410): Pin "e_writedata_out[1]" is stuck at GND
    Warning (13410): Pin "e_writedata_out[2]" is stuck at GND
    Warning (13410): Pin "e_writedata_out[3]" is stuck at GND
    Warning (13410): Pin "e_writedata_out[4]" is stuck at GND
    Warning (13410): Pin "e_writedata_out[5]" is stuck at GND
    Warning (13410): Pin "e_writedata_out[6]" is stuck at GND
    Warning (13410): Pin "e_writedata_out[7]" is stuck at GND
    Warning (13410): Pin "e_writedata_out[8]" is stuck at GND
    Warning (13410): Pin "e_writedata_out[9]" is stuck at GND
    Warning (13410): Pin "e_writedata_out[10]" is stuck at GND
    Warning (13410): Pin "e_writedata_out[11]" is stuck at GND
    Warning (13410): Pin "e_writedata_out[12]" is stuck at GND
    Warning (13410): Pin "e_writedata_out[13]" is stuck at GND
    Warning (13410): Pin "e_writedata_out[14]" is stuck at GND
    Warning (13410): Pin "e_writedata_out[15]" is stuck at GND
    Warning (13410): Pin "e_writedata_out[16]" is stuck at GND
    Warning (13410): Pin "e_writedata_out[17]" is stuck at GND
    Warning (13410): Pin "e_writedata_out[18]" is stuck at GND
    Warning (13410): Pin "e_writedata_out[19]" is stuck at GND
    Warning (13410): Pin "e_writedata_out[20]" is stuck at GND
    Warning (13410): Pin "e_writedata_out[21]" is stuck at GND
    Warning (13410): Pin "e_writedata_out[22]" is stuck at GND
    Warning (13410): Pin "e_writedata_out[23]" is stuck at GND
    Warning (13410): Pin "e_writedata_out[24]" is stuck at GND
    Warning (13410): Pin "e_writedata_out[25]" is stuck at GND
    Warning (13410): Pin "e_writedata_out[26]" is stuck at GND
    Warning (13410): Pin "e_writedata_out[27]" is stuck at GND
    Warning (13410): Pin "e_writedata_out[28]" is stuck at GND
    Warning (13410): Pin "e_writedata_out[29]" is stuck at GND
    Warning (13410): Pin "e_writedata_out[30]" is stuck at GND
    Warning (13410): Pin "e_writedata_out[31]" is stuck at GND
    Warning (13410): Pin "e_address_out[0]" is stuck at GND
    Warning (13410): Pin "e_address_out[1]" is stuck at GND
    Warning (13410): Pin "e_address_out[2]" is stuck at GND
    Warning (13410): Pin "e_address_out[3]" is stuck at GND
    Warning (13410): Pin "e_address_out[4]" is stuck at GND
    Warning (13410): Pin "e_address_out[5]" is stuck at GND
    Warning (13410): Pin "e_address_out[6]" is stuck at GND
    Warning (13410): Pin "e_address_out[7]" is stuck at GND
    Warning (13410): Pin "e_address_out[8]" is stuck at GND
    Warning (13410): Pin "e_address_out[9]" is stuck at GND
    Warning (13410): Pin "e_address_out[10]" is stuck at GND
    Warning (13410): Pin "e_address_out[11]" is stuck at GND
    Warning (13410): Pin "e_address_out[12]" is stuck at GND
    Warning (13410): Pin "e_address_out[13]" is stuck at GND
    Warning (13410): Pin "e_address_out[14]" is stuck at GND
    Warning (13410): Pin "e_address_out[15]" is stuck at GND
    Warning (13410): Pin "e_address_out[16]" is stuck at GND
    Warning (13410): Pin "e_address_out[17]" is stuck at GND
    Warning (13410): Pin "e_address_out[18]" is stuck at GND
    Warning (13410): Pin "e_address_out[19]" is stuck at GND
    Warning (13410): Pin "e_address_out[20]" is stuck at GND
    Warning (13410): Pin "e_address_out[21]" is stuck at GND
    Warning (13410): Pin "e_address_out[22]" is stuck at GND
    Warning (13410): Pin "e_address_out[23]" is stuck at GND
    Warning (13410): Pin "e_address_out[24]" is stuck at GND
    Warning (13410): Pin "e_address_out[25]" is stuck at GND
    Warning (13410): Pin "e_address_out[26]" is stuck at GND
    Warning (13410): Pin "e_address_out[27]" is stuck at GND
    Warning (13410): Pin "e_address_out[28]" is stuck at GND
    Warning (13410): Pin "e_address_out[29]" is stuck at GND
    Warning (13410): Pin "e_address_out[30]" is stuck at GND
    Warning (13410): Pin "e_address_out[31]" is stuck at GND
    Warning (13410): Pin "e_write_out" is stuck at GND
    Warning (13410): Pin "e_waitrequest_out" is stuck at GND
    Warning (13410): Pin "n_header_out[0]" is stuck at GND
    Warning (13410): Pin "n_header_out[1]" is stuck at GND
    Warning (13410): Pin "n_header_out[2]" is stuck at GND
    Warning (13410): Pin "n_header_out[3]" is stuck at GND
    Warning (13410): Pin "n_writedata_out[0]" is stuck at GND
    Warning (13410): Pin "n_writedata_out[1]" is stuck at GND
    Warning (13410): Pin "n_writedata_out[2]" is stuck at GND
    Warning (13410): Pin "n_writedata_out[3]" is stuck at GND
    Warning (13410): Pin "n_writedata_out[4]" is stuck at GND
    Warning (13410): Pin "n_writedata_out[5]" is stuck at GND
    Warning (13410): Pin "n_writedata_out[6]" is stuck at GND
    Warning (13410): Pin "n_writedata_out[7]" is stuck at GND
    Warning (13410): Pin "n_writedata_out[8]" is stuck at GND
    Warning (13410): Pin "n_writedata_out[9]" is stuck at GND
    Warning (13410): Pin "n_writedata_out[10]" is stuck at GND
    Warning (13410): Pin "n_writedata_out[11]" is stuck at GND
    Warning (13410): Pin "n_writedata_out[12]" is stuck at GND
    Warning (13410): Pin "n_writedata_out[13]" is stuck at GND
    Warning (13410): Pin "n_writedata_out[14]" is stuck at GND
    Warning (13410): Pin "n_writedata_out[15]" is stuck at GND
    Warning (13410): Pin "n_writedata_out[16]" is stuck at GND
    Warning (13410): Pin "n_writedata_out[17]" is stuck at GND
    Warning (13410): Pin "n_writedata_out[18]" is stuck at GND
    Warning (13410): Pin "n_writedata_out[19]" is stuck at GND
    Warning (13410): Pin "n_writedata_out[20]" is stuck at GND
    Warning (13410): Pin "n_writedata_out[21]" is stuck at GND
    Warning (13410): Pin "n_writedata_out[22]" is stuck at GND
    Warning (13410): Pin "n_writedata_out[23]" is stuck at GND
    Warning (13410): Pin "n_writedata_out[24]" is stuck at GND
    Warning (13410): Pin "n_writedata_out[25]" is stuck at GND
    Warning (13410): Pin "n_writedata_out[26]" is stuck at GND
    Warning (13410): Pin "n_writedata_out[27]" is stuck at GND
    Warning (13410): Pin "n_writedata_out[28]" is stuck at GND
    Warning (13410): Pin "n_writedata_out[29]" is stuck at GND
    Warning (13410): Pin "n_writedata_out[30]" is stuck at GND
    Warning (13410): Pin "n_writedata_out[31]" is stuck at GND
    Warning (13410): Pin "n_address_out[0]" is stuck at GND
    Warning (13410): Pin "n_address_out[1]" is stuck at GND
    Warning (13410): Pin "n_address_out[2]" is stuck at GND
    Warning (13410): Pin "n_address_out[3]" is stuck at GND
    Warning (13410): Pin "n_address_out[4]" is stuck at GND
    Warning (13410): Pin "n_address_out[5]" is stuck at GND
    Warning (13410): Pin "n_address_out[6]" is stuck at GND
    Warning (13410): Pin "n_address_out[7]" is stuck at GND
    Warning (13410): Pin "n_address_out[8]" is stuck at GND
    Warning (13410): Pin "n_address_out[9]" is stuck at GND
    Warning (13410): Pin "n_address_out[10]" is stuck at GND
    Warning (13410): Pin "n_address_out[11]" is stuck at GND
    Warning (13410): Pin "n_address_out[12]" is stuck at GND
    Warning (13410): Pin "n_address_out[13]" is stuck at GND
    Warning (13410): Pin "n_address_out[14]" is stuck at GND
    Warning (13410): Pin "n_address_out[15]" is stuck at GND
    Warning (13410): Pin "n_address_out[16]" is stuck at GND
    Warning (13410): Pin "n_address_out[17]" is stuck at GND
    Warning (13410): Pin "n_address_out[18]" is stuck at GND
    Warning (13410): Pin "n_address_out[19]" is stuck at GND
    Warning (13410): Pin "n_address_out[20]" is stuck at GND
    Warning (13410): Pin "n_address_out[21]" is stuck at GND
    Warning (13410): Pin "n_address_out[22]" is stuck at GND
    Warning (13410): Pin "n_address_out[23]" is stuck at GND
    Warning (13410): Pin "n_address_out[24]" is stuck at GND
    Warning (13410): Pin "n_address_out[25]" is stuck at GND
    Warning (13410): Pin "n_address_out[26]" is stuck at GND
    Warning (13410): Pin "n_address_out[27]" is stuck at GND
    Warning (13410): Pin "n_address_out[28]" is stuck at GND
    Warning (13410): Pin "n_address_out[29]" is stuck at GND
    Warning (13410): Pin "n_address_out[30]" is stuck at GND
    Warning (13410): Pin "n_address_out[31]" is stuck at GND
    Warning (13410): Pin "n_write_out" is stuck at GND
    Warning (13410): Pin "n_waitrequest_out" is stuck at GND
    Warning (13410): Pin "w_header_out[0]" is stuck at GND
    Warning (13410): Pin "w_header_out[1]" is stuck at GND
    Warning (13410): Pin "w_header_out[2]" is stuck at GND
    Warning (13410): Pin "w_header_out[3]" is stuck at GND
    Warning (13410): Pin "w_writedata_out[0]" is stuck at GND
    Warning (13410): Pin "w_writedata_out[1]" is stuck at GND
    Warning (13410): Pin "w_writedata_out[2]" is stuck at GND
    Warning (13410): Pin "w_writedata_out[3]" is stuck at GND
    Warning (13410): Pin "w_writedata_out[4]" is stuck at GND
    Warning (13410): Pin "w_writedata_out[5]" is stuck at GND
    Warning (13410): Pin "w_writedata_out[6]" is stuck at GND
    Warning (13410): Pin "w_writedata_out[7]" is stuck at GND
    Warning (13410): Pin "w_writedata_out[8]" is stuck at GND
    Warning (13410): Pin "w_writedata_out[9]" is stuck at GND
    Warning (13410): Pin "w_writedata_out[10]" is stuck at GND
    Warning (13410): Pin "w_writedata_out[11]" is stuck at GND
    Warning (13410): Pin "w_writedata_out[12]" is stuck at GND
    Warning (13410): Pin "w_writedata_out[13]" is stuck at GND
    Warning (13410): Pin "w_writedata_out[14]" is stuck at GND
    Warning (13410): Pin "w_writedata_out[15]" is stuck at GND
    Warning (13410): Pin "w_writedata_out[16]" is stuck at GND
    Warning (13410): Pin "w_writedata_out[17]" is stuck at GND
    Warning (13410): Pin "w_writedata_out[18]" is stuck at GND
    Warning (13410): Pin "w_writedata_out[19]" is stuck at GND
    Warning (13410): Pin "w_writedata_out[20]" is stuck at GND
    Warning (13410): Pin "w_writedata_out[21]" is stuck at GND
    Warning (13410): Pin "w_writedata_out[22]" is stuck at GND
    Warning (13410): Pin "w_writedata_out[23]" is stuck at GND
    Warning (13410): Pin "w_writedata_out[24]" is stuck at GND
    Warning (13410): Pin "w_writedata_out[25]" is stuck at GND
    Warning (13410): Pin "w_writedata_out[26]" is stuck at GND
    Warning (13410): Pin "w_writedata_out[27]" is stuck at GND
    Warning (13410): Pin "w_writedata_out[28]" is stuck at GND
    Warning (13410): Pin "w_writedata_out[29]" is stuck at GND
    Warning (13410): Pin "w_writedata_out[30]" is stuck at GND
    Warning (13410): Pin "w_writedata_out[31]" is stuck at GND
    Warning (13410): Pin "w_address_out[0]" is stuck at GND
    Warning (13410): Pin "w_address_out[1]" is stuck at GND
    Warning (13410): Pin "w_address_out[2]" is stuck at GND
    Warning (13410): Pin "w_address_out[3]" is stuck at GND
    Warning (13410): Pin "w_address_out[4]" is stuck at GND
    Warning (13410): Pin "w_address_out[5]" is stuck at GND
    Warning (13410): Pin "w_address_out[6]" is stuck at GND
    Warning (13410): Pin "w_address_out[7]" is stuck at GND
    Warning (13410): Pin "w_address_out[8]" is stuck at GND
    Warning (13410): Pin "w_address_out[9]" is stuck at GND
    Warning (13410): Pin "w_address_out[10]" is stuck at GND
    Warning (13410): Pin "w_address_out[11]" is stuck at GND
    Warning (13410): Pin "w_address_out[12]" is stuck at GND
    Warning (13410): Pin "w_address_out[13]" is stuck at GND
    Warning (13410): Pin "w_address_out[14]" is stuck at GND
    Warning (13410): Pin "w_address_out[15]" is stuck at GND
    Warning (13410): Pin "w_address_out[16]" is stuck at GND
    Warning (13410): Pin "w_address_out[17]" is stuck at GND
    Warning (13410): Pin "w_address_out[18]" is stuck at GND
    Warning (13410): Pin "w_address_out[19]" is stuck at GND
    Warning (13410): Pin "w_address_out[20]" is stuck at GND
    Warning (13410): Pin "w_address_out[21]" is stuck at GND
    Warning (13410): Pin "w_address_out[22]" is stuck at GND
    Warning (13410): Pin "w_address_out[23]" is stuck at GND
    Warning (13410): Pin "w_address_out[24]" is stuck at GND
    Warning (13410): Pin "w_address_out[25]" is stuck at GND
    Warning (13410): Pin "w_address_out[26]" is stuck at GND
    Warning (13410): Pin "w_address_out[27]" is stuck at GND
    Warning (13410): Pin "w_address_out[28]" is stuck at GND
    Warning (13410): Pin "w_address_out[29]" is stuck at GND
    Warning (13410): Pin "w_address_out[30]" is stuck at GND
    Warning (13410): Pin "w_address_out[31]" is stuck at GND
    Warning (13410): Pin "w_write_out" is stuck at GND
    Warning (13410): Pin "w_waitrequest_out" is stuck at GND
    Warning (13410): Pin "s_header_out[0]" is stuck at GND
    Warning (13410): Pin "s_header_out[1]" is stuck at GND
    Warning (13410): Pin "s_header_out[2]" is stuck at GND
    Warning (13410): Pin "s_header_out[3]" is stuck at GND
    Warning (13410): Pin "s_writedata_out[0]" is stuck at GND
    Warning (13410): Pin "s_writedata_out[1]" is stuck at GND
    Warning (13410): Pin "s_writedata_out[2]" is stuck at GND
    Warning (13410): Pin "s_writedata_out[3]" is stuck at GND
    Warning (13410): Pin "s_writedata_out[4]" is stuck at GND
    Warning (13410): Pin "s_writedata_out[5]" is stuck at GND
    Warning (13410): Pin "s_writedata_out[6]" is stuck at GND
    Warning (13410): Pin "s_writedata_out[7]" is stuck at GND
    Warning (13410): Pin "s_writedata_out[8]" is stuck at GND
    Warning (13410): Pin "s_writedata_out[9]" is stuck at GND
    Warning (13410): Pin "s_writedata_out[10]" is stuck at GND
    Warning (13410): Pin "s_writedata_out[11]" is stuck at GND
    Warning (13410): Pin "s_writedata_out[12]" is stuck at GND
    Warning (13410): Pin "s_writedata_out[13]" is stuck at GND
    Warning (13410): Pin "s_writedata_out[14]" is stuck at GND
    Warning (13410): Pin "s_writedata_out[15]" is stuck at GND
    Warning (13410): Pin "s_writedata_out[16]" is stuck at GND
    Warning (13410): Pin "s_writedata_out[17]" is stuck at GND
    Warning (13410): Pin "s_writedata_out[18]" is stuck at GND
    Warning (13410): Pin "s_writedata_out[19]" is stuck at GND
    Warning (13410): Pin "s_writedata_out[20]" is stuck at GND
    Warning (13410): Pin "s_writedata_out[21]" is stuck at GND
    Warning (13410): Pin "s_writedata_out[22]" is stuck at GND
    Warning (13410): Pin "s_writedata_out[23]" is stuck at GND
    Warning (13410): Pin "s_writedata_out[24]" is stuck at GND
    Warning (13410): Pin "s_writedata_out[25]" is stuck at GND
    Warning (13410): Pin "s_writedata_out[26]" is stuck at GND
    Warning (13410): Pin "s_writedata_out[27]" is stuck at GND
    Warning (13410): Pin "s_writedata_out[28]" is stuck at GND
    Warning (13410): Pin "s_writedata_out[29]" is stuck at GND
    Warning (13410): Pin "s_writedata_out[30]" is stuck at GND
    Warning (13410): Pin "s_writedata_out[31]" is stuck at GND
    Warning (13410): Pin "s_address_out[0]" is stuck at GND
    Warning (13410): Pin "s_address_out[1]" is stuck at GND
    Warning (13410): Pin "s_address_out[2]" is stuck at GND
    Warning (13410): Pin "s_address_out[3]" is stuck at GND
    Warning (13410): Pin "s_address_out[4]" is stuck at GND
    Warning (13410): Pin "s_address_out[5]" is stuck at GND
    Warning (13410): Pin "s_address_out[6]" is stuck at GND
    Warning (13410): Pin "s_address_out[7]" is stuck at GND
    Warning (13410): Pin "s_address_out[8]" is stuck at GND
    Warning (13410): Pin "s_address_out[9]" is stuck at GND
    Warning (13410): Pin "s_address_out[10]" is stuck at GND
    Warning (13410): Pin "s_address_out[11]" is stuck at GND
    Warning (13410): Pin "s_address_out[12]" is stuck at GND
    Warning (13410): Pin "s_address_out[13]" is stuck at GND
    Warning (13410): Pin "s_address_out[14]" is stuck at GND
    Warning (13410): Pin "s_address_out[15]" is stuck at GND
    Warning (13410): Pin "s_address_out[16]" is stuck at GND
    Warning (13410): Pin "s_address_out[17]" is stuck at GND
    Warning (13410): Pin "s_address_out[18]" is stuck at GND
    Warning (13410): Pin "s_address_out[19]" is stuck at GND
    Warning (13410): Pin "s_address_out[20]" is stuck at GND
    Warning (13410): Pin "s_address_out[21]" is stuck at GND
    Warning (13410): Pin "s_address_out[22]" is stuck at GND
    Warning (13410): Pin "s_address_out[23]" is stuck at GND
    Warning (13410): Pin "s_address_out[24]" is stuck at GND
    Warning (13410): Pin "s_address_out[25]" is stuck at GND
    Warning (13410): Pin "s_address_out[26]" is stuck at GND
    Warning (13410): Pin "s_address_out[27]" is stuck at GND
    Warning (13410): Pin "s_address_out[28]" is stuck at GND
    Warning (13410): Pin "s_address_out[29]" is stuck at GND
    Warning (13410): Pin "s_address_out[30]" is stuck at GND
    Warning (13410): Pin "s_address_out[31]" is stuck at GND
    Warning (13410): Pin "s_write_out" is stuck at GND
    Warning (13410): Pin "s_waitrequest_out" is stuck at GND
Info (16010): Generating hard_block partition "hard_block:auto_generated_inst"
    Info (16011): Adding 0 node(s), including 0 DDIO, 0 PLL, 0 transceiver and 0 LCELL
Warning (21074): Design contains 281 input pin(s) that do not drive logic
    Warning (15610): No output dependent on input pin "clock"
    Warning (15610): No output dependent on input pin "e_header_in[0]"
    Warning (15610): No output dependent on input pin "e_header_in[1]"
    Warning (15610): No output dependent on input pin "e_header_in[2]"
    Warning (15610): No output dependent on input pin "e_header_in[3]"
    Warning (15610): No output dependent on input pin "e_writedata_in[0]"
    Warning (15610): No output dependent on input pin "e_writedata_in[1]"
    Warning (15610): No output dependent on input pin "e_writedata_in[2]"
    Warning (15610): No output dependent on input pin "e_writedata_in[3]"
    Warning (15610): No output dependent on input pin "e_writedata_in[4]"
    Warning (15610): No output dependent on input pin "e_writedata_in[5]"
    Warning (15610): No output dependent on input pin "e_writedata_in[6]"
    Warning (15610): No output dependent on input pin "e_writedata_in[7]"
    Warning (15610): No output dependent on input pin "e_writedata_in[8]"
    Warning (15610): No output dependent on input pin "e_writedata_in[9]"
    Warning (15610): No output dependent on input pin "e_writedata_in[10]"
    Warning (15610): No output dependent on input pin "e_writedata_in[11]"
    Warning (15610): No output dependent on input pin "e_writedata_in[12]"
    Warning (15610): No output dependent on input pin "e_writedata_in[13]"
    Warning (15610): No output dependent on input pin "e_writedata_in[14]"
    Warning (15610): No output dependent on input pin "e_writedata_in[15]"
    Warning (15610): No output dependent on input pin "e_writedata_in[16]"
    Warning (15610): No output dependent on input pin "e_writedata_in[17]"
    Warning (15610): No output dependent on input pin "e_writedata_in[18]"
    Warning (15610): No output dependent on input pin "e_writedata_in[19]"
    Warning (15610): No output dependent on input pin "e_writedata_in[20]"
    Warning (15610): No output dependent on input pin "e_writedata_in[21]"
    Warning (15610): No output dependent on input pin "e_writedata_in[22]"
    Warning (15610): No output dependent on input pin "e_writedata_in[23]"
    Warning (15610): No output dependent on input pin "e_writedata_in[24]"
    Warning (15610): No output dependent on input pin "e_writedata_in[25]"
    Warning (15610): No output dependent on input pin "e_writedata_in[26]"
    Warning (15610): No output dependent on input pin "e_writedata_in[27]"
    Warning (15610): No output dependent on input pin "e_writedata_in[28]"
    Warning (15610): No output dependent on input pin "e_writedata_in[29]"
    Warning (15610): No output dependent on input pin "e_writedata_in[30]"
    Warning (15610): No output dependent on input pin "e_writedata_in[31]"
    Warning (15610): No output dependent on input pin "e_address_in[0]"
    Warning (15610): No output dependent on input pin "e_address_in[1]"
    Warning (15610): No output dependent on input pin "e_address_in[2]"
    Warning (15610): No output dependent on input pin "e_address_in[3]"
    Warning (15610): No output dependent on input pin "e_address_in[4]"
    Warning (15610): No output dependent on input pin "e_address_in[5]"
    Warning (15610): No output dependent on input pin "e_address_in[6]"
    Warning (15610): No output dependent on input pin "e_address_in[7]"
    Warning (15610): No output dependent on input pin "e_address_in[8]"
    Warning (15610): No output dependent on input pin "e_address_in[9]"
    Warning (15610): No output dependent on input pin "e_address_in[10]"
    Warning (15610): No output dependent on input pin "e_address_in[11]"
    Warning (15610): No output dependent on input pin "e_address_in[12]"
    Warning (15610): No output dependent on input pin "e_address_in[13]"
    Warning (15610): No output dependent on input pin "e_address_in[14]"
    Warning (15610): No output dependent on input pin "e_address_in[15]"
    Warning (15610): No output dependent on input pin "e_address_in[16]"
    Warning (15610): No output dependent on input pin "e_address_in[17]"
    Warning (15610): No output dependent on input pin "e_address_in[18]"
    Warning (15610): No output dependent on input pin "e_address_in[19]"
    Warning (15610): No output dependent on input pin "e_address_in[20]"
    Warning (15610): No output dependent on input pin "e_address_in[21]"
    Warning (15610): No output dependent on input pin "e_address_in[22]"
    Warning (15610): No output dependent on input pin "e_address_in[23]"
    Warning (15610): No output dependent on input pin "e_address_in[24]"
    Warning (15610): No output dependent on input pin "e_address_in[25]"
    Warning (15610): No output dependent on input pin "e_address_in[26]"
    Warning (15610): No output dependent on input pin "e_address_in[27]"
    Warning (15610): No output dependent on input pin "e_address_in[28]"
    Warning (15610): No output dependent on input pin "e_address_in[29]"
    Warning (15610): No output dependent on input pin "e_address_in[30]"
    Warning (15610): No output dependent on input pin "e_address_in[31]"
    Warning (15610): No output dependent on input pin "e_write_in"
    Warning (15610): No output dependent on input pin "e_waitrequest_in"
    Warning (15610): No output dependent on input pin "n_header_in[0]"
    Warning (15610): No output dependent on input pin "n_header_in[1]"
    Warning (15610): No output dependent on input pin "n_header_in[2]"
    Warning (15610): No output dependent on input pin "n_header_in[3]"
    Warning (15610): No output dependent on input pin "n_writedata_in[0]"
    Warning (15610): No output dependent on input pin "n_writedata_in[1]"
    Warning (15610): No output dependent on input pin "n_writedata_in[2]"
    Warning (15610): No output dependent on input pin "n_writedata_in[3]"
    Warning (15610): No output dependent on input pin "n_writedata_in[4]"
    Warning (15610): No output dependent on input pin "n_writedata_in[5]"
    Warning (15610): No output dependent on input pin "n_writedata_in[6]"
    Warning (15610): No output dependent on input pin "n_writedata_in[7]"
    Warning (15610): No output dependent on input pin "n_writedata_in[8]"
    Warning (15610): No output dependent on input pin "n_writedata_in[9]"
    Warning (15610): No output dependent on input pin "n_writedata_in[10]"
    Warning (15610): No output dependent on input pin "n_writedata_in[11]"
    Warning (15610): No output dependent on input pin "n_writedata_in[12]"
    Warning (15610): No output dependent on input pin "n_writedata_in[13]"
    Warning (15610): No output dependent on input pin "n_writedata_in[14]"
    Warning (15610): No output dependent on input pin "n_writedata_in[15]"
    Warning (15610): No output dependent on input pin "n_writedata_in[16]"
    Warning (15610): No output dependent on input pin "n_writedata_in[17]"
    Warning (15610): No output dependent on input pin "n_writedata_in[18]"
    Warning (15610): No output dependent on input pin "n_writedata_in[19]"
    Warning (15610): No output dependent on input pin "n_writedata_in[20]"
    Warning (15610): No output dependent on input pin "n_writedata_in[21]"
    Warning (15610): No output dependent on input pin "n_writedata_in[22]"
    Warning (15610): No output dependent on input pin "n_writedata_in[23]"
    Warning (15610): No output dependent on input pin "n_writedata_in[24]"
    Warning (15610): No output dependent on input pin "n_writedata_in[25]"
    Warning (15610): No output dependent on input pin "n_writedata_in[26]"
    Warning (15610): No output dependent on input pin "n_writedata_in[27]"
    Warning (15610): No output dependent on input pin "n_writedata_in[28]"
    Warning (15610): No output dependent on input pin "n_writedata_in[29]"
    Warning (15610): No output dependent on input pin "n_writedata_in[30]"
    Warning (15610): No output dependent on input pin "n_writedata_in[31]"
    Warning (15610): No output dependent on input pin "n_address_in[0]"
    Warning (15610): No output dependent on input pin "n_address_in[1]"
    Warning (15610): No output dependent on input pin "n_address_in[2]"
    Warning (15610): No output dependent on input pin "n_address_in[3]"
    Warning (15610): No output dependent on input pin "n_address_in[4]"
    Warning (15610): No output dependent on input pin "n_address_in[5]"
    Warning (15610): No output dependent on input pin "n_address_in[6]"
    Warning (15610): No output dependent on input pin "n_address_in[7]"
    Warning (15610): No output dependent on input pin "n_address_in[8]"
    Warning (15610): No output dependent on input pin "n_address_in[9]"
    Warning (15610): No output dependent on input pin "n_address_in[10]"
    Warning (15610): No output dependent on input pin "n_address_in[11]"
    Warning (15610): No output dependent on input pin "n_address_in[12]"
    Warning (15610): No output dependent on input pin "n_address_in[13]"
    Warning (15610): No output dependent on input pin "n_address_in[14]"
    Warning (15610): No output dependent on input pin "n_address_in[15]"
    Warning (15610): No output dependent on input pin "n_address_in[16]"
    Warning (15610): No output dependent on input pin "n_address_in[17]"
    Warning (15610): No output dependent on input pin "n_address_in[18]"
    Warning (15610): No output dependent on input pin "n_address_in[19]"
    Warning (15610): No output dependent on input pin "n_address_in[20]"
    Warning (15610): No output dependent on input pin "n_address_in[21]"
    Warning (15610): No output dependent on input pin "n_address_in[22]"
    Warning (15610): No output dependent on input pin "n_address_in[23]"
    Warning (15610): No output dependent on input pin "n_address_in[24]"
    Warning (15610): No output dependent on input pin "n_address_in[25]"
    Warning (15610): No output dependent on input pin "n_address_in[26]"
    Warning (15610): No output dependent on input pin "n_address_in[27]"
    Warning (15610): No output dependent on input pin "n_address_in[28]"
    Warning (15610): No output dependent on input pin "n_address_in[29]"
    Warning (15610): No output dependent on input pin "n_address_in[30]"
    Warning (15610): No output dependent on input pin "n_address_in[31]"
    Warning (15610): No output dependent on input pin "n_write_in"
    Warning (15610): No output dependent on input pin "n_waitrequest_in"
    Warning (15610): No output dependent on input pin "w_header_in[0]"
    Warning (15610): No output dependent on input pin "w_header_in[1]"
    Warning (15610): No output dependent on input pin "w_header_in[2]"
    Warning (15610): No output dependent on input pin "w_header_in[3]"
    Warning (15610): No output dependent on input pin "w_writedata_in[0]"
    Warning (15610): No output dependent on input pin "w_writedata_in[1]"
    Warning (15610): No output dependent on input pin "w_writedata_in[2]"
    Warning (15610): No output dependent on input pin "w_writedata_in[3]"
    Warning (15610): No output dependent on input pin "w_writedata_in[4]"
    Warning (15610): No output dependent on input pin "w_writedata_in[5]"
    Warning (15610): No output dependent on input pin "w_writedata_in[6]"
    Warning (15610): No output dependent on input pin "w_writedata_in[7]"
    Warning (15610): No output dependent on input pin "w_writedata_in[8]"
    Warning (15610): No output dependent on input pin "w_writedata_in[9]"
    Warning (15610): No output dependent on input pin "w_writedata_in[10]"
    Warning (15610): No output dependent on input pin "w_writedata_in[11]"
    Warning (15610): No output dependent on input pin "w_writedata_in[12]"
    Warning (15610): No output dependent on input pin "w_writedata_in[13]"
    Warning (15610): No output dependent on input pin "w_writedata_in[14]"
    Warning (15610): No output dependent on input pin "w_writedata_in[15]"
    Warning (15610): No output dependent on input pin "w_writedata_in[16]"
    Warning (15610): No output dependent on input pin "w_writedata_in[17]"
    Warning (15610): No output dependent on input pin "w_writedata_in[18]"
    Warning (15610): No output dependent on input pin "w_writedata_in[19]"
    Warning (15610): No output dependent on input pin "w_writedata_in[20]"
    Warning (15610): No output dependent on input pin "w_writedata_in[21]"
    Warning (15610): No output dependent on input pin "w_writedata_in[22]"
    Warning (15610): No output dependent on input pin "w_writedata_in[23]"
    Warning (15610): No output dependent on input pin "w_writedata_in[24]"
    Warning (15610): No output dependent on input pin "w_writedata_in[25]"
    Warning (15610): No output dependent on input pin "w_writedata_in[26]"
    Warning (15610): No output dependent on input pin "w_writedata_in[27]"
    Warning (15610): No output dependent on input pin "w_writedata_in[28]"
    Warning (15610): No output dependent on input pin "w_writedata_in[29]"
    Warning (15610): No output dependent on input pin "w_writedata_in[30]"
    Warning (15610): No output dependent on input pin "w_writedata_in[31]"
    Warning (15610): No output dependent on input pin "w_address_in[0]"
    Warning (15610): No output dependent on input pin "w_address_in[1]"
    Warning (15610): No output dependent on input pin "w_address_in[2]"
    Warning (15610): No output dependent on input pin "w_address_in[3]"
    Warning (15610): No output dependent on input pin "w_address_in[4]"
    Warning (15610): No output dependent on input pin "w_address_in[5]"
    Warning (15610): No output dependent on input pin "w_address_in[6]"
    Warning (15610): No output dependent on input pin "w_address_in[7]"
    Warning (15610): No output dependent on input pin "w_address_in[8]"
    Warning (15610): No output dependent on input pin "w_address_in[9]"
    Warning (15610): No output dependent on input pin "w_address_in[10]"
    Warning (15610): No output dependent on input pin "w_address_in[11]"
    Warning (15610): No output dependent on input pin "w_address_in[12]"
    Warning (15610): No output dependent on input pin "w_address_in[13]"
    Warning (15610): No output dependent on input pin "w_address_in[14]"
    Warning (15610): No output dependent on input pin "w_address_in[15]"
    Warning (15610): No output dependent on input pin "w_address_in[16]"
    Warning (15610): No output dependent on input pin "w_address_in[17]"
    Warning (15610): No output dependent on input pin "w_address_in[18]"
    Warning (15610): No output dependent on input pin "w_address_in[19]"
    Warning (15610): No output dependent on input pin "w_address_in[20]"
    Warning (15610): No output dependent on input pin "w_address_in[21]"
    Warning (15610): No output dependent on input pin "w_address_in[22]"
    Warning (15610): No output dependent on input pin "w_address_in[23]"
    Warning (15610): No output dependent on input pin "w_address_in[24]"
    Warning (15610): No output dependent on input pin "w_address_in[25]"
    Warning (15610): No output dependent on input pin "w_address_in[26]"
    Warning (15610): No output dependent on input pin "w_address_in[27]"
    Warning (15610): No output dependent on input pin "w_address_in[28]"
    Warning (15610): No output dependent on input pin "w_address_in[29]"
    Warning (15610): No output dependent on input pin "w_address_in[30]"
    Warning (15610): No output dependent on input pin "w_address_in[31]"
    Warning (15610): No output dependent on input pin "w_write_in"
    Warning (15610): No output dependent on input pin "w_waitrequest_in"
    Warning (15610): No output dependent on input pin "s_header_in[0]"
    Warning (15610): No output dependent on input pin "s_header_in[1]"
    Warning (15610): No output dependent on input pin "s_header_in[2]"
    Warning (15610): No output dependent on input pin "s_header_in[3]"
    Warning (15610): No output dependent on input pin "s_writedata_in[0]"
    Warning (15610): No output dependent on input pin "s_writedata_in[1]"
    Warning (15610): No output dependent on input pin "s_writedata_in[2]"
    Warning (15610): No output dependent on input pin "s_writedata_in[3]"
    Warning (15610): No output dependent on input pin "s_writedata_in[4]"
    Warning (15610): No output dependent on input pin "s_writedata_in[5]"
    Warning (15610): No output dependent on input pin "s_writedata_in[6]"
    Warning (15610): No output dependent on input pin "s_writedata_in[7]"
    Warning (15610): No output dependent on input pin "s_writedata_in[8]"
    Warning (15610): No output dependent on input pin "s_writedata_in[9]"
    Warning (15610): No output dependent on input pin "s_writedata_in[10]"
    Warning (15610): No output dependent on input pin "s_writedata_in[11]"
    Warning (15610): No output dependent on input pin "s_writedata_in[12]"
    Warning (15610): No output dependent on input pin "s_writedata_in[13]"
    Warning (15610): No output dependent on input pin "s_writedata_in[14]"
    Warning (15610): No output dependent on input pin "s_writedata_in[15]"
    Warning (15610): No output dependent on input pin "s_writedata_in[16]"
    Warning (15610): No output dependent on input pin "s_writedata_in[17]"
    Warning (15610): No output dependent on input pin "s_writedata_in[18]"
    Warning (15610): No output dependent on input pin "s_writedata_in[19]"
    Warning (15610): No output dependent on input pin "s_writedata_in[20]"
    Warning (15610): No output dependent on input pin "s_writedata_in[21]"
    Warning (15610): No output dependent on input pin "s_writedata_in[22]"
    Warning (15610): No output dependent on input pin "s_writedata_in[23]"
    Warning (15610): No output dependent on input pin "s_writedata_in[24]"
    Warning (15610): No output dependent on input pin "s_writedata_in[25]"
    Warning (15610): No output dependent on input pin "s_writedata_in[26]"
    Warning (15610): No output dependent on input pin "s_writedata_in[27]"
    Warning (15610): No output dependent on input pin "s_writedata_in[28]"
    Warning (15610): No output dependent on input pin "s_writedata_in[29]"
    Warning (15610): No output dependent on input pin "s_writedata_in[30]"
    Warning (15610): No output dependent on input pin "s_writedata_in[31]"
    Warning (15610): No output dependent on input pin "s_address_in[0]"
    Warning (15610): No output dependent on input pin "s_address_in[1]"
    Warning (15610): No output dependent on input pin "s_address_in[2]"
    Warning (15610): No output dependent on input pin "s_address_in[3]"
    Warning (15610): No output dependent on input pin "s_address_in[4]"
    Warning (15610): No output dependent on input pin "s_address_in[5]"
    Warning (15610): No output dependent on input pin "s_address_in[6]"
    Warning (15610): No output dependent on input pin "s_address_in[7]"
    Warning (15610): No output dependent on input pin "s_address_in[8]"
    Warning (15610): No output dependent on input pin "s_address_in[9]"
    Warning (15610): No output dependent on input pin "s_address_in[10]"
    Warning (15610): No output dependent on input pin "s_address_in[11]"
    Warning (15610): No output dependent on input pin "s_address_in[12]"
    Warning (15610): No output dependent on input pin "s_address_in[13]"
    Warning (15610): No output dependent on input pin "s_address_in[14]"
    Warning (15610): No output dependent on input pin "s_address_in[15]"
    Warning (15610): No output dependent on input pin "s_address_in[16]"
    Warning (15610): No output dependent on input pin "s_address_in[17]"
    Warning (15610): No output dependent on input pin "s_address_in[18]"
    Warning (15610): No output dependent on input pin "s_address_in[19]"
    Warning (15610): No output dependent on input pin "s_address_in[20]"
    Warning (15610): No output dependent on input pin "s_address_in[21]"
    Warning (15610): No output dependent on input pin "s_address_in[22]"
    Warning (15610): No output dependent on input pin "s_address_in[23]"
    Warning (15610): No output dependent on input pin "s_address_in[24]"
    Warning (15610): No output dependent on input pin "s_address_in[25]"
    Warning (15610): No output dependent on input pin "s_address_in[26]"
    Warning (15610): No output dependent on input pin "s_address_in[27]"
    Warning (15610): No output dependent on input pin "s_address_in[28]"
    Warning (15610): No output dependent on input pin "s_address_in[29]"
    Warning (15610): No output dependent on input pin "s_address_in[30]"
    Warning (15610): No output dependent on input pin "s_address_in[31]"
    Warning (15610): No output dependent on input pin "s_write_in"
    Warning (15610): No output dependent on input pin "s_waitrequest_in"
Info (21057): Implemented 561 device resources after synthesis - the final resource count might be different
    Info (21058): Implemented 281 input pins
    Info (21059): Implemented 280 output pins
Info: Quartus II 64-Bit Analysis & Synthesis was successful. 0 errors, 585 warnings
    Info: Peak virtual memory: 537 megabytes
    Info: Processing ended: Tue Feb 10 18:21:13 2015
    Info: Elapsed time: 00:00:14
    Info: Total CPU time (on all processors): 00:00:02


